# JRE version: Java(TM) SE Runtime Environment (12.0.2+10) (build 12.0.2+10)
# Java VM: Java HotSpot(TM) 64-Bit Server VM (12.0.2+10, mixed mode, sharing, tiered, compressed oops, g1 gc, bsd-amd64)
Heap:
 garbage-first heap   total 102400K, used 40742K [0x0000000700000000, 0x0000000800000000)
  region size 1024K, 7 young (7168K), 5 survivors (5120K)
 Metaspace       used 40475K, capacity 42062K, committed 42188K, reserved 1085440K
  class space    used 5192K, capacity 5819K, committed 5836K, reserved 1048576K
GC Heap History (10 events):
Event: 11.432 GC heap before
{Heap before GC invocations=10 (full 0):
 garbage-first heap   total 102400K, used 65513K [0x0000000700000000, 0x0000000800000000)
  region size 1024K, 33 young (33792K), 1 survivors (1024K)
 Metaspace       used 40401K, capacity 41933K, committed 42188K, reserved 1085440K
  class space    used 5192K, capacity 5819K, committed 5836K, reserved 1048576K
}
Event: 11.437 GC heap after
{Heap after GC invocations=11 (full 0):
 garbage-first heap   total 102400K, used 33606K [0x0000000700000000, 0x0000000800000000)
  region size 1024K, 2 young (2048K), 2 survivors (2048K)
 Metaspace       used 40401K, capacity 41933K, committed 42188K, reserved 1085440K
  class space    used 5192K, capacity 5819K, committed 5836K, reserved 1048576K
}
Event: 11.981 GC heap before
{Heap before GC invocations=12 (full 0):
 garbage-first heap   total 102400K, used 67398K [0x0000000700000000, 0x0000000800000000)
  region size 1024K, 35 young (35840K), 2 survivors (2048K)
 Metaspace       used 40466K, capacity 41997K, committed 42188K, reserved 1085440K
  class space    used 5192K, capacity 5819K, committed 5836K, reserved 1048576K
}
Event: 11.990 GC heap after
{Heap after GC invocations=13 (full 0):
 garbage-first heap   total 102400K, used 35322K [0x0000000700000000, 0x0000000800000000)
  region size 1024K, 4 young (4096K), 4 survivors (4096K)
 Metaspace       used 40466K, capacity 41997K, committed 42188K, reserved 1085440K
  class space    used 5192K, capacity 5819K, committed 5836K, reserved 1048576K
}
Event: 12.002 GC heap before
{Heap before GC invocations=13 (full 0):
 garbage-first heap   total 102400K, used 36346K [0x0000000700000000, 0x0000000800000000)
  region size 1024K, 5 young (5120K), 4 survivors (4096K)
 Metaspace       used 40466K, capacity 41997K, committed 42188K, reserved 1085440K
  class space    used 5192K, capacity 5819K, committed 5836K, reserved 1048576K
}
Event: 12.012 GC heap after
{Heap after GC invocations=14 (full 0):
 garbage-first heap   total 102400K, used 33586K [0x0000000700000000, 0x0000000800000000)
  region size 1024K, 1 young (1024K), 1 survivors (1024K)
 Metaspace       used 40466K, capacity 41997K, committed 42188K, reserved 1085440K
  class space    used 5192K, capacity 5819K, committed 5836K, reserved 1048576K
}
Event: 12.509 GC heap before
{Heap before GC invocations=14 (full 0):
 garbage-first heap   total 102400K, used 68402K [0x0000000700000000, 0x0000000800000000)
  region size 1024K, 35 young (35840K), 1 survivors (1024K)
 Metaspace       used 40467K, capacity 41997K, committed 42188K, reserved 1085440K
  class space    used 5192K, capacity 5819K, committed 5836K, reserved 1048576K
}
Event: 12.515 GC heap after
{Heap after GC invocations=15 (full 0):
 garbage-first heap   total 102400K, used 35322K [0x0000000700000000, 0x0000000800000000)
  region size 1024K, 2 young (2048K), 2 survivors (2048K)
 Metaspace       used 40467K, capacity 41997K, committed 42188K, reserved 1085440K
  class space    used 5192K, capacity 5819K, committed 5836K, reserved 1048576K
}
Event: 13.031 GC heap before
{Heap before GC invocations=15 (full 0):
 garbage-first heap   total 102400K, used 72186K [0x0000000700000000, 0x0000000800000000)
  region size 1024K, 38 young (38912K), 2 survivors (2048K)
 Metaspace       used 40468K, capacity 41997K, committed 42188K, reserved 1085440K
  class space    used 5192K, capacity 5819K, committed 5836K, reserved 1048576K
}
Event: 13.041 GC heap after
{Heap after GC invocations=16 (full 0):
 garbage-first heap   total 102400K, used 37342K [0x0000000700000000, 0x0000000800000000)
  region size 1024K, 4 young (4096K), 4 survivors (4096K)
 Metaspace       used 40468K, capacity 41997K, committed 42188K, reserved 1085440K
  class space    used 5192K, capacity 5819K, committed 5836K, reserved 1048576K
}

